c:\users\lenovo\source\repos\recipientreg\recipientreg\x64\debug\moc_donorprofile.obj
c:\users\lenovo\source\repos\recipientreg\recipientreg\x64\debug\moc_firstpage.obj
c:\users\lenovo\source\repos\recipientreg\recipientreg\x64\debug\qrc_recipientreg.obj
c:\users\lenovo\source\repos\recipientreg\recipientreg\x64\debug\moc_recipientreg.obj
c:\users\lenovo\source\repos\recipientreg\recipientreg\x64\debug\moc_donorvalidation.obj
c:\users\lenovo\source\repos\recipientreg\recipientreg\x64\debug\moc_donorreg.obj
c:\users\lenovo\source\repos\recipientreg\recipientreg\x64\debug\moc_donorinterface.obj
c:\users\lenovo\source\repos\recipientreg\recipientreg\x64\debug\qrc_res.obj
c:\users\lenovo\source\repos\recipientreg\recipientreg\x64\debug\moc_recipientlogin.obj
c:\users\lenovo\source\repos\recipientreg\recipientreg\x64\debug\moc_donorlogin.obj
c:\users\lenovo\source\repos\recipientreg\recipientreg\x64\debug\donor.obj
c:\users\lenovo\source\repos\recipientreg\recipientreg\x64\debug\donorinterface.obj
c:\users\lenovo\source\repos\recipientreg\recipientreg\x64\debug\recipientlogin.obj
c:\users\lenovo\source\repos\recipientreg\recipientreg\x64\debug\recipientreg.obj
c:\users\lenovo\source\repos\recipientreg\recipientreg\x64\debug\donorprofile.obj
c:\users\lenovo\source\repos\recipientreg\recipientreg\x64\debug\donorreg.obj
c:\users\lenovo\source\repos\recipientreg\recipientreg\x64\debug\recipient.obj
c:\users\lenovo\source\repos\recipientreg\recipientreg\x64\debug\donorlogin.obj
c:\users\lenovo\source\repos\recipientreg\recipientreg\x64\debug\firstpage.obj
c:\users\lenovo\source\repos\recipientreg\recipientreg\x64\debug\blood.obj
c:\users\lenovo\source\repos\recipientreg\recipientreg\x64\debug\main.obj
c:\users\lenovo\source\repos\recipientreg\recipientreg\x64\debug\donorvalidation.obj
c:\users\lenovo\source\repos\recipientreg\recipientreg\x64\debug\vc143.pdb
c:\users\lenovo\source\repos\recipientreg\x64\debug\recipientreg.exe
c:\users\lenovo\source\repos\recipientreg\x64\debug\recipientreg.ilk
c:\users\lenovo\source\repos\recipientreg\x64\debug\recipientreg.pdb
c:\users\lenovo\source\repos\recipientreg\recipientreg\x64\debug\moc\moc_donorinterface.cpp
c:\users\lenovo\source\repos\recipientreg\recipientreg\x64\debug\rcc\qrc_recipientreg.cpp
c:\users\lenovo\source\repos\recipientreg\recipientreg\x64\debug\uic\ui_donorinterface.h
c:\users\lenovo\source\repos\recipientreg\recipientreg\x64\debug\uic\ui_donorlogin.h
c:\users\lenovo\source\repos\recipientreg\recipientreg\x64\debug\uic\ui_donorprofile.h
c:\users\lenovo\source\repos\recipientreg\recipientreg\x64\debug\uic\ui_donorreg.h
c:\users\lenovo\source\repos\recipientreg\recipientreg\x64\debug\uic\ui_donorvalidation.h
c:\users\lenovo\source\repos\recipientreg\recipientreg\x64\debug\uic\ui_firstpage.h
c:\users\lenovo\source\repos\recipientreg\recipientreg\x64\debug\uic\ui_recipientlogin.h
c:\users\lenovo\source\repos\recipientreg\recipientreg\x64\debug\uic\ui_recipientreg.h
c:\users\lenovo\source\repos\recipientreg\recipientreg\x64\debug\rcc\qrc_res.cpp
c:\users\lenovo\source\repos\recipientreg\recipientreg\x64\debug\moc\moc_recipientreg.cpp
c:\users\lenovo\source\repos\recipientreg\recipientreg\x64\debug\moc\moc_recipientlogin.cpp
c:\users\lenovo\source\repos\recipientreg\recipientreg\x64\debug\moc\moc_firstpage.cpp
c:\users\lenovo\source\repos\recipientreg\recipientreg\x64\debug\moc\moc_donorreg.cpp
c:\users\lenovo\source\repos\recipientreg\recipientreg\x64\debug\moc\moc_donorlogin.cpp
c:\users\lenovo\source\repos\recipientreg\recipientreg\x64\debug\moc\moc_donorvalidation.cpp
c:\users\lenovo\source\repos\recipientreg\recipientreg\x64\debug\moc\moc_donorprofile.cpp
c:\users\lenovo\source\repos\recipientreg\recipientreg\x64\debug\recipientreg.tlog\cl.command.1.tlog
c:\users\lenovo\source\repos\recipientreg\recipientreg\x64\debug\recipientreg.tlog\cl.read.1.tlog
c:\users\lenovo\source\repos\recipientreg\recipientreg\x64\debug\recipientreg.tlog\cl.write.1.tlog
c:\users\lenovo\source\repos\recipientreg\recipientreg\x64\debug\recipientreg.tlog\link.command.1.tlog
c:\users\lenovo\source\repos\recipientreg\recipientreg\x64\debug\recipientreg.tlog\link.read.1.tlog
c:\users\lenovo\source\repos\recipientreg\recipientreg\x64\debug\recipientreg.tlog\link.write.1.tlog
c:\users\lenovo\source\repos\recipientreg\recipientreg\x64\debug\recipientreg.tlog\moc.read.1u.tlog
c:\users\lenovo\source\repos\recipientreg\recipientreg\x64\debug\recipientreg.tlog\moc.write.1u.tlog
c:\users\lenovo\source\repos\recipientreg\recipientreg\x64\debug\recipientreg.tlog\rcc.read.1u.tlog
c:\users\lenovo\source\repos\recipientreg\recipientreg\x64\debug\recipientreg.tlog\rcc.write.1u.tlog
c:\users\lenovo\source\repos\recipientreg\recipientreg\x64\debug\recipientreg.tlog\recipientreg.write.1u.tlog
c:\users\lenovo\source\repos\recipientreg\recipientreg\x64\debug\recipientreg.tlog\uic.read.1u.tlog
c:\users\lenovo\source\repos\recipientreg\recipientreg\x64\debug\recipientreg.tlog\uic.write.1u.tlog
